This is LuaHBTeX, Version 1.13.0 (TeX Live 2021/Arch Linux)  (format=lualatex 2021.12.11)  3 JAN 2022 09:00
 system commands enabled.
**ruso.tex
(./ruso.tex
LaTeX2e <2020-10-01> patch level 4
Lua module: luaotfload 2021-01-08 3.17 Lua based OpenType font support
Lua module: lualibs 2020-12-30 2.73 ConTeXt Lua standard libraries.
Lua module: lualibs-extended 2020-12-30 2.73 ConTeXt Lua libraries -- extended c
ollection.
luaotfload | conf : Root cache directory is "/home/alberto/.texlive/texmf-var/lu
atex-cache/generic/names".
luaotfload | init : Loading fontloader "fontloader-2021-01-07.lua" from kpse-res
olved path "/usr/share/texmf-dist/tex/luatex/luaotfload/fontloader-2021-01-07.lu
a".
Lua-only attribute luaotfload@noligature = 1
Lua-only attribute luaotfload@syllabe = 2
luaotfload | init : Context OpenType loader version 0x1.8e76c8b439581p+1
Inserting `luaotfload.node_processor' at position 1 in `pre_linebreak_filter'.
Inserting `luaotfload.node_processor' at position 1 in `hpack_filter'.
Inserting `luaotfload.glyph_stream' at position 1 in `glyph_stream_provider'.
Inserting `luaotfload.define_font' at position 1 in `define_font'.
Lua-only attribute luaotfload_color_attribute = 3
luaotfload | conf : Root cache directory is "/home/alberto/.texlive/texmf-var/lu
atex-cache/generic/names".
Inserting `luaotfload.harf.strip_prefix' at position 1 in `find_opentype_file'.
Inserting `luaotfload.harf.strip_prefix' at position 1 in `find_truetype_file'.
Inserting `luaotfload.harf.finalize_vlist' at position 1 in `post_linebreak_filt
er'.
Inserting `luaotfload.harf.finalize_hlist' at position 2 in `hpack_filter'.
Inserting `luaotfload.cleanup_files' at position 1 in `wrapup_run'.
Inserting `luaotfload.harf.finalize_unicode' at position 1 in `finish_pdffile'.
Inserting `luaotfload.glyphinfo' at position 1 in `glyph_info'.
Inserting `luaotfload.aux.set_sscale_dimens' at position 1 in `luaotfload.patch_
font'.
Inserting `luaotfload.aux.set_font_index' at position 2 in `luaotfload.patch_fon
t'.
Inserting `luaotfload.aux.patch_cambria_domh' at position 3 in `luaotfload.patch
_font'.
Inserting `luaotfload.aux.fixup_fontdata' at position 1 in `luaotfload.patch_fon
t_unsafe'.
Inserting `luaotfload.aux.set_capheight' at position 4 in `luaotfload.patch_font
'.
Inserting `luaotfload.aux.set_xheight' at position 5 in `luaotfload.patch_font'.
Inserting `luaotfload.rewrite_fontname' at position 6 in `luaotfload.patch_font'
. L3 programming layer <2021-02-18>
(/usr/share/texmf-dist/tex/latex/base/article.cls
Document Class: article 2020/04/10 v1.4m Standard LaTeX document class
(/usr/share/texmf-dist/tex/latex/base/size10.clo
File: size10.clo 2020/04/10 v1.4m Standard LaTeX file (size option)
luaotfload | db : Font names database loaded from /home/alberto/.texlive/texmf-v
ar/luatex-cache/generic/names/luaotfload-names.luc)
\c@part=\count175
\c@section=\count176
\c@subsection=\count177
\c@subsubsection=\count178
\c@paragraph=\count179
\c@subparagraph=\count180
\c@figure=\count181
\c@table=\count182
\abovecaptionskip=\skip47
\belowcaptionskip=\skip48
\bibindent=\dimen138
)
(/usr/share/texmf-dist/tex/latex/gentium-tug/gentium.sty
Package: gentium 2012/01/13 Style file for gentium.

(/usr/share/texmf-dist/tex/latex/xkeyval/xkeyval.sty
Package: xkeyval 2020/11/20 v2.8 package option processing (HA)

(/usr/share/texmf-dist/tex/generic/xkeyval/xkeyval.tex
(/usr/share/texmf-dist/tex/generic/xkeyval/xkvutils.tex
\XKV@toks=\toks15
\XKV@tempa@toks=\toks16

(/usr/share/texmf-dist/tex/generic/xkeyval/keyval.tex))
\XKV@depth=\count183
File: xkeyval.tex 2014/12/03 v2.7a key=value parser (HA)
)))
(/usr/share/texmf-dist/tex/latex/base/fontenc.sty
Package: fontenc 2020/08/10 v2.0s Standard LaTeX package
LaTeX Font Info:    Trying to load font information for T1+gentium on input lin
e 112.

(/usr/share/texmf-dist/tex/latex/gentium-tug/t1gentium.fd
File: t1gentium.fd 2011/01/13 Font definitions for gentium.
)
LaTeX Font Info:    Font shape `T1/gentium/m/n' will be
(Font)              scaled to size 10.0pt on input line 112.
)
(/usr/share/texmf-dist/tex/latex/base/inputenc.sty
Package: inputenc 2020/08/01 v1.3d Input encoding file
\inpenc@prehook=\toks17
\inpenc@posthook=\toks18


Package inputenc Warning: inputenc package ignored with utf8 based engines.

) (/usr/share/texmf-dist/tex/latex/filecontents/filecontents.sty
Package: filecontents 2019/09/20 v1.5 Create an external file from within a LaT
eX document


Package filecontents Warning: This package is obsolete. Disabling it and
(filecontents)                passing control to the filecontents environment
(filecontents)                defined by the LaTeX kernel.

)

LaTeX Warning: File `ruso.bib' already exists on the system.
               Not generating it from this source.

(/usr/share/texmf-dist/tex/generic/babel/babel.sty
Package: babel 2021/03/24 3.56 The Babel package

(/usr/share/texmf-dist/tex/generic/babel/babel.def
File: babel.def 2021/03/24 3.56 Babel common definitions

(/usr/share/texmf-dist/tex/generic/babel/luababel.def
\bbl@readstream=\read2
\l@dumylang=\language2
Package babel Info: Non-standard hyphenation setup on input line 117.
\l@nohyphenation=\language3
\l@german-x-2021-02-26=\language4
\l@ngerman-x-2021-02-26=\language5
\l@afrikaans=\language6
\l@ancientgreek=\language7
\l@ibycus=\language8
\l@arabic=\language9
\l@armenian=\language10
\l@basque=\language11
\l@belarusian=\language12
\l@bulgarian=\language13
\l@catalan=\language14
\l@pinyin=\language15
\l@churchslavonic=\language16
\l@coptic=\language17
\l@croatian=\language18
\l@czech=\language19
\l@danish=\language20
\l@dutch=\language21
\l@ukenglish=\language22
\l@usenglishmax=\language23
\l@esperanto=\language24
\l@estonian=\language25
\l@ethiopic=\language26
\l@farsi=\language27
\l@finnish=\language28
\l@schoolfinnish=\language29
\l@french=\language30
\l@friulan=\language31
\l@galician=\language32
\l@georgian=\language33
\l@german=\language34
\l@ngerman=\language35
\l@swissgerman=\language36
\l@greek=\language37
\l@monogreek=\language38
\l@hungarian=\language39
\l@icelandic=\language40
\l@assamese=\language41
\l@bengali=\language42
\l@gujarati=\language43
\l@hindi=\language44
\l@kannada=\language45
\l@malayalam=\language46
\l@marathi=\language47
\l@oriya=\language48
\l@pali=\language49
\l@panjabi=\language50
\l@tamil=\language51
\l@telugu=\language52
\l@indonesian=\language53
\l@interlingua=\language54
\l@irish=\language55
\l@italian=\language56
\l@kurmanji=\language57
\l@classiclatin=\language58
\l@latin=\language59
\l@liturgicallatin=\language60
\l@latvian=\language61
\l@lithuanian=\language62
\l@macedonian=\language63
\l@mongolian=\language64
\l@mongolianlmc=\language65
\l@bokmal=\language66
\l@nynorsk=\language67
\l@occitan=\language68
\l@piedmontese=\language69
\l@polish=\language70
\l@portuguese=\language71
\l@romanian=\language72
\l@romansh=\language73
\l@russian=\language74
\l@sanskrit=\language75
\l@serbian=\language76
\l@serbianc=\language77
\l@slovak=\language78
\l@slovenian=\language79
\l@spanish=\language80
\l@swedish=\language81
\l@thai=\language82
\l@turkish=\language83
\l@turkmen=\language84
\l@ukrainian=\language85
\l@uppersorbian=\language86
\l@welsh=\language87
\babelcatcodetablenum=\catcodetable12
\bbl@pattcodes=\catcodetable13
)
\babel@savecnt=\count184
\U@D=\dimen139
\l@babelnohyphens=\language88

(/usr/share/texmf-dist/tex/generic/babel/luababel.def
\bbl@attr@locale=\attribute4
))
(/usr/share/texmf-dist/tex/generic/babel-russian/russianb.ldf
File: russianb.ldf 2021/01/10 1.3m Russian support for the Babel system
Language: russian 2020/09/09 1.3k Russian support for the Babel system
Package babel Info: Making " an active character on input line 124.
Package babel Info: Default for \cyrdash is provided on input line 163.

(/usr/share/texmf-dist/tex/generic/hyph-utf8/loadhyph/loadhyph-ru.tex
UTF-8 Russian hyphenation patterns
(/usr/share/texmf-dist/tex/generic/hyph-utf8/patterns/tex/hyph-ru.tex)))
(/usr/share/texmf-dist/tex/generic/babel-greek/greek.ldf
Language: greek 2020/11/10 v1.10 Greek support for the babel system
\bbl@monogreek=\count185
\bbl@polygreek=\count186
\bbl@ancientgreek=\count187

(/usr/share/texmf-dist/tex/latex/greek-fontenc/tuenc-greek.def
File: tuenc-greek.def 2020/10/13 2.0 Greek LICRs for XeTeX and LuaTeX

(/usr/share/texmf-dist/tex/latex/greek-fontenc/greek-fontenc.def
File: greek-fontenc.def 2020/10/30 2.0 Common Greek font encoding definitions
))
(/usr/share/texmf-dist/tex/generic/hyph-utf8/loadhyph/loadhyph-el-polyton.tex
UTF-8 Hyphenation patterns for multi-accent (polytonic) Modern Greek
(/usr/share/texmf-dist/tex/generic/hyph-utf8/patterns/tex/hyph-el-polyton.tex)))
 (/usr/share/texmf-dist/tex/generic/babel-english/english.ldf
Language: english 2017/06/06 v3.3r English support from the babel system
Package babel Info: \l@canadian = using hyphenrules for english
(babel)             (\language0) on input line 102.
Package babel Info: \l@australian = using hyphenrules for ukenglish
(babel)             (\language22) on input line 105.
Package babel Info: \l@newzealand = using hyphenrules for ukenglish
(babel)             (\language22) on input line 108.
))
(/usr/share/texmf-dist/tex/latex/biblatex/biblatex.sty
Package: biblatex 2020/12/31 v3.16 programmable bibliographies (PK/MW)

(/usr/share/texmf-dist/tex/generic/pdftexcmds/pdftexcmds.sty
Package: pdftexcmds 2020-06-27 v0.33 Utility functions of pdfTeX for LuaTeX (HO
)

(/usr/share/texmf-dist/tex/generic/infwarerr/infwarerr.sty
Package: infwarerr 2019/12/03 v1.5 Providing info/warning/error messages (HO)
)
(/usr/share/texmf-dist/tex/generic/iftex/iftex.sty
Package: iftex 2020/03/06 v1.0d TeX engine tests
)
(/usr/share/texmf-dist/tex/generic/ltxcmds/ltxcmds.sty
Package: ltxcmds 2020-05-10 v1.25 LaTeX kernel commands for general use (HO)
)
Package pdftexcmds Info: \pdf@primitive is available.
Package pdftexcmds Info: \pdf@ifprimitive is available.
Package pdftexcmds Info: \pdfdraftmode found.
\pdftexcmds@toks=\toks19
)
(/usr/share/texmf-dist/tex/latex/etoolbox/etoolbox.sty
Package: etoolbox 2020/10/05 v2.5k e-TeX tools for LaTeX (JAW)
\etb@tempcnta=\count188
)
(/usr/share/texmf-dist/tex/latex/kvoptions/kvoptions.sty
Package: kvoptions 2020-10-07 v3.14 Key value format for package options (HO)

(/usr/share/texmf-dist/tex/generic/kvsetkeys/kvsetkeys.sty
Package: kvsetkeys 2019/12/15 v1.18 Key value parser (HO)
))
(/usr/share/texmf-dist/tex/latex/logreq/logreq.sty
Package: logreq 2010/08/04 v1.0 xml request logger
\lrq@indent=\count189

(/usr/share/texmf-dist/tex/latex/logreq/logreq.def
File: logreq.def 2010/08/04 v1.0 logreq spec v1.0
))
(/usr/share/texmf-dist/tex/latex/base/ifthen.sty
Package: ifthen 2014/09/29 v1.1c Standard LaTeX ifthen package (DPC)
)
(/usr/share/texmf-dist/tex/latex/url/url.sty
\Urlmuskip=\muskip16
Package: url 2013/09/16  ver 3.4  Verb mode for urls, etc.
)
\c@tabx@nest=\count190
\c@listtotal=\count191
\c@listcount=\count192
\c@liststart=\count193
\c@liststop=\count194
\c@citecount=\count195
\c@citetotal=\count196
\c@multicitecount=\count197
\c@multicitetotal=\count198
\c@instcount=\count199
\c@maxnames=\count266
\c@minnames=\count267
\c@maxitems=\count268
\c@minitems=\count269
\c@citecounter=\count270
\c@maxcitecounter=\count271
\c@savedcitecounter=\count272
\c@uniquelist=\count273
\c@uniquename=\count274
\c@refsection=\count275
\c@refsegment=\count276
\c@maxextratitle=\count277
\c@maxextratitleyear=\count278
\c@maxextraname=\count279
\c@maxextradate=\count280
\c@maxextraalpha=\count281
\c@abbrvpenalty=\count282
\c@highnamepenalty=\count283
\c@lownamepenalty=\count284
\c@maxparens=\count285
\c@parenlevel=\count286
\blx@tempcnta=\count287
\blx@tempcntb=\count288
\blx@tempcntc=\count289
\blx@maxsection=\count290
\blx@maxsegment@0=\count291
\blx@notetype=\count292
\blx@parenlevel@text=\count293
\blx@parenlevel@foot=\count294
\blx@sectionciteorder@0=\count295
\blx@entrysetcounter=\count296
\blx@biblioinstance=\count297
\labelnumberwidth=\skip49
\labelalphawidth=\skip50
\biblabelsep=\skip51
\bibitemsep=\skip52
\bibnamesep=\skip53
\bibinitsep=\skip54
\bibparsep=\skip55
\bibhang=\skip56
\blx@bcfin=\read3
\blx@bcfout=\write3
\blx@langwohyphens=\language89
\c@mincomprange=\count298
\c@maxcomprange=\count299
\c@mincompwidth=\count300
Package biblatex Info: Trying to load biblatex default data model...
Package biblatex Info: ... file 'blx-dm.def' found.

(/usr/share/texmf-dist/tex/latex/biblatex/blx-dm.def
File: blx-dm.def 2020/12/31 v3.16 biblatex localization (PK/MW)
)
Package biblatex Info: Trying to load biblatex custom data model...
Package biblatex Info: ... file 'biblatex-dm.cfg' not found.
\c@afterword=\count301
\c@savedafterword=\count302
\c@annotator=\count303
\c@savedannotator=\count304
\c@author=\count305
\c@savedauthor=\count306
\c@bookauthor=\count307
\c@savedbookauthor=\count308
\c@commentator=\count309
\c@savedcommentator=\count310
\c@editor=\count311
\c@savededitor=\count312
\c@editora=\count313
\c@savededitora=\count314
\c@editorb=\count315
\c@savededitorb=\count316
\c@editorc=\count317
\c@savededitorc=\count318
\c@foreword=\count319
\c@savedforeword=\count320
\c@holder=\count321
\c@savedholder=\count322
\c@introduction=\count323
\c@savedintroduction=\count324
\c@namea=\count325
\c@savednamea=\count326
\c@nameb=\count327
\c@savednameb=\count328
\c@namec=\count329
\c@savednamec=\count330
\c@translator=\count331
\c@savedtranslator=\count332
\c@shortauthor=\count333
\c@savedshortauthor=\count334
\c@shorteditor=\count335
\c@savedshorteditor=\count336
\c@labelname=\count337
\c@savedlabelname=\count338
\c@institution=\count339
\c@savedinstitution=\count340
\c@lista=\count341
\c@savedlista=\count342
\c@listb=\count343
\c@savedlistb=\count344
\c@listc=\count345
\c@savedlistc=\count346
\c@listd=\count347
\c@savedlistd=\count348
\c@liste=\count349
\c@savedliste=\count350
\c@listf=\count351
\c@savedlistf=\count352
\c@location=\count353
\c@savedlocation=\count354
\c@organization=\count355
\c@savedorganization=\count356
\c@origlocation=\count357
\c@savedoriglocation=\count358
\c@origpublisher=\count359
\c@savedorigpublisher=\count360
\c@publisher=\count361
\c@savedpublisher=\count362
\c@language=\count363
\c@savedlanguage=\count364
\c@origlanguage=\count365
\c@savedoriglanguage=\count366
\c@pageref=\count367
\c@savedpageref=\count368
\shorthandwidth=\skip57
\shortjournalwidth=\skip58
\shortserieswidth=\skip59
\shorttitlewidth=\skip60
\shortauthorwidth=\skip61
\shorteditorwidth=\skip62
\locallabelnumberwidth=\skip63
\locallabelalphawidth=\skip64
\localshorthandwidth=\skip65
\localshortjournalwidth=\skip66
\localshortserieswidth=\skip67
\localshorttitlewidth=\skip68
\localshortauthorwidth=\skip69
\localshorteditorwidth=\skip70
Package biblatex Info: Trying to load enhanced support for Unicode engines...
Package biblatex Info: ... file 'blx-unicode.def' found.

(/usr/share/texmf-dist/tex/latex/biblatex/blx-unicode.def)
Package biblatex Info: Trying to load compatibility code...
Package biblatex Info: ... file 'blx-compat.def' found.

(/usr/share/texmf-dist/tex/latex/biblatex/blx-compat.def
File: blx-compat.def 2020/12/31 v3.16 biblatex compatibility (PK/MW)
)
Package biblatex Info: Trying to load generic definitions...
Package biblatex Info: ... file 'biblatex.def' found.

(/usr/share/texmf-dist/tex/latex/biblatex/biblatex.def
File: biblatex.def 2020/12/31 v3.16 biblatex compatibility (PK/MW)
\c@textcitecount=\count369
\c@textcitetotal=\count370
\c@textcitemaxnames=\count371
\c@biburlbigbreakpenalty=\count372
\c@biburlbreakpenalty=\count373
\c@biburlnumpenalty=\count374
\c@biburlucpenalty=\count375
\c@biburllcpenalty=\count376
\biburlbigskip=\muskip17
\biburlnumskip=\muskip18
\biburlucskip=\muskip19
\biburllcskip=\muskip20
\c@smartand=\count377
)
Package biblatex Info: Trying to load bibliography style 'numeric'...
Package biblatex Info: ... file 'numeric.bbx' found.

(/usr/share/texmf-dist/tex/latex/biblatex/bbx/numeric.bbx
File: numeric.bbx 2020/12/31 v3.16 biblatex bibliography style (PK/MW)
Package biblatex Info: Trying to load bibliography style 'standard'...
Package biblatex Info: ... file 'standard.bbx' found.

(/usr/share/texmf-dist/tex/latex/biblatex/bbx/standard.bbx
File: standard.bbx 2020/12/31 v3.16 biblatex bibliography style (PK/MW)
\c@bbx:relatedcount=\count378
\c@bbx:relatedtotal=\count379
))
Package biblatex Info: Trying to load citation style 'numeric'...
Package biblatex Info: ... file 'numeric.cbx' found.

(/usr/share/texmf-dist/tex/latex/biblatex/cbx/numeric.cbx
File: numeric.cbx 2020/12/31 v3.16 biblatex citation style (PK/MW)
Package biblatex Info: Redefining '\cite'.
Package biblatex Info: Redefining '\parencite'.
Package biblatex Info: Redefining '\footcite'.
Package biblatex Info: Redefining '\footcitetext'.
Package biblatex Info: Redefining '\smartcite'.
Package biblatex Info: Redefining '\supercite'.
Package biblatex Info: Redefining '\textcite'.
Package biblatex Info: Redefining '\textcites'.
Package biblatex Info: Redefining '\cites'.
Package biblatex Info: Redefining '\parencites'.
Package biblatex Info: Redefining '\smartcites'.
)
Package biblatex Info: Trying to load configuration file...
Package biblatex Info: ... file 'biblatex.cfg' found.

(/usr/share/texmf-dist/tex/latex/biblatex/biblatex.cfg
File: biblatex.cfg 
))

Package biblatex Warning: 'babel/polyglossia' detected but 'csquotes' missing.
(biblatex)                Loading 'csquotes' recommended.

\@quotelevel=\count380
\@quotereset=\count381
(/usr/share/texmf-dist/tex/latex/l3backend/l3backend-luatex.def
File: l3backend-luatex.def 2021-03-18 L3 backend support: PDF output (LuaTeX)
\l__color_backend_stack_int=\count382
\l__pdf_internal_box=\box47
) (./ruso.aux
LaTeX Font Info:    Trying to load font information for TU+gentium on input lin
e 22.
LaTeX Font Info:    No file TUgentium.fd. on input line 22.


LaTeX Font Warning: Font shape `TU/gentium/m/n' undefined
(Font)              using `TU/lmr/m/n' instead on input line 22.

(/usr/share/texmf-dist/tex/generic/hyph-utf8/loadhyph/loadhyph-el-monoton.tex
UTF-8 Hyphenation patterns for uni-accent (monotonic) Modern Greek
(/usr/share/texmf-dist/tex/generic/hyph-utf8/patterns/tex/hyph-el-monoton.tex)))

\openout1 = ruso.aux
LaTeX Font Info:    Checking defaults for OML/cmm/m/it on input line 73.
LaTeX Font Info:    ... okay on input line 73.
LaTeX Font Info:    Checking defaults for OMS/cmsy/m/n on input line 73.
LaTeX Font Info:    ... okay on input line 73.
LaTeX Font Info:    Checking defaults for OT1/cmr/m/n on input line 73.
LaTeX Font Info:    ... okay on input line 73.
LaTeX Font Info:    Checking defaults for T1/cmr/m/n on input line 73.
LaTeX Font Info:    ... okay on input line 73.
LaTeX Font Info:    Checking defaults for TS1/cmr/m/n on input line 73.
LaTeX Font Info:    Trying to load font information for TS1+cmr on input line 7
3.
 (/usr/share/texmf-dist/tex/latex/base/ts1cmr.fd
File: ts1cmr.fd 2019/12/16 v2.5j Standard LaTeX font definitions
)
LaTeX Font Info:    ... okay on input line 73.
LaTeX Font Info:    Checking defaults for TU/lmr/m/n on input line 73.
LaTeX Font Info:    ... okay on input line 73.
LaTeX Font Info:    Checking defaults for OMX/cmex/m/n on input line 73.
LaTeX Font Info:    ... okay on input line 73.
LaTeX Font Info:    Checking defaults for U/cmr/m/n on input line 73.
LaTeX Font Info:    ... okay on input line 73.
LaTeX Info: Redefining \th on input line 73.
Package biblatex Info: Trying to load language 'english'...
Package biblatex Info: ... file 'english.lbx' found.

(/usr/share/texmf-dist/tex/latex/biblatex/lbx/english.lbx
File: english.lbx 2020/12/31 v3.16 biblatex localization (PK/MW)
)
Package biblatex Info: Trying to load language 'greek'...
Package biblatex Info: ... file 'greek.lbx' found.

(/usr/share/texmf-dist/tex/latex/biblatex/lbx/greek.lbx
File: greek.lbx 2020/12/31 v3.16 biblatex localization (PK/MW)
)
Package biblatex Info: Trying to load language 'russian'...
Package biblatex Info: ... file 'russian.lbx' found.

(/usr/share/texmf-dist/tex/latex/biblatex/lbx/russian.lbx
File: russian.lbx 2020/12/31 v3.16 biblatex localization (PK/MW)
)
Package biblatex Info: Input encoding 'utf8' specified.
Package biblatex Info: Data encoding 'utf8' specified.
(biblatex)             No need to reencode data.
Package biblatex Info: Document encoding is UTF8 ....

(/usr/share/texmf-dist/tex/latex/l3kernel/expl3.sty
Package: expl3 2021-02-18 L3 programming layer (loader) 
)
Package biblatex Info: ... and expl3
(biblatex)             2021-02-18 L3 programming layer (loader) 
(biblatex)             is new enough (at least 2020/04/06),
(biblatex)             setting 'casechanger=expl3'.

(/usr/share/texmf-dist/tex/latex/biblatex/blx-case-expl3.sty
(/usr/share/texmf-dist/tex/latex/l3packages/xparse/xparse.sty
(/usr/share/texmf-dist/tex/latex/l3packages/xparse/xparse-2020-10-01.sty
(/usr/share/texmf-dist/tex/latex/l3packages/xparse/xparse-generic.tex)))
Package: blx-case-expl3 2020/12/31 v3.16 expl3 case changing code for biblatex
)
\openout3 = ruso.bcf

Package biblatex Info: Trying to load bibliographic data...
Package biblatex Info: ... file 'ruso.bbl' found.

(./ruso.bbl)
Package biblatex Info: Reference section=0 on input line 73.
Package biblatex Info: Reference segment=0 on input line 73.
LaTeX Font Info:    Font shape `T1/gentium/m/n' will be
(Font)              scaled to size 14.4pt on input line 75.
LaTeX Font Info:    Font shape `T1/gentium/b/n' will be
(Font)              scaled to size 14.4pt on input line 75.
LaTeX Font Info:    Font shape `T1/gentium/m/it' will be
(Font)              scaled to size 10.0pt on input line 75.


LaTeX Font Warning: Font shape `TU/gentium/m/it' undefined
(Font)              using `TU/gentium/m/n' instead on input line 75.


Package biblatex Warning: Bibliography string 'backrefpage' untranslated
(biblatex)                at entry 'AlKarapan' on input line 75.


LaTeX Font Warning: Font shape `TU/gentium/b/n' undefined
(Font)              using `TU/gentium/m/n' instead on input line 75.

LaTeX Font Info:    External font `cmex10' loaded for size
(Font)              <7> on input line 75.
LaTeX Font Info:    External font `cmex10' loaded for size
(Font)              <5> on input line 75.
[1

{/var/lib/texmf/fonts/map/pdftex/updmap/pdftex.map}
Missing character: There is no ı (U+0131) in font ec-gentiumplus-regular!
Missing character: There is no λ (U+03BB) in font [lmroman10-regular]:+tlig;!
Missing character: There is no έ (U+03AD) in font [lmroman10-regular]:+tlig;!
Missing character: There is no ξ (U+03BE) in font [lmroman10-regular]:+tlig;!
Missing character: There is no α (U+03B1) in font [lmroman10-regular]:+tlig;!
Missing character: There is no ν (U+03BD) in font [lmroman10-regular]:+tlig;!
Missing character: There is no δ (U+03B4) in font [lmroman10-regular]:+tlig;!
Missing character: There is no ρ (U+03C1) in font [lmroman10-regular]:+tlig;!
Missing character: There is no ο (U+03BF) in font [lmroman10-regular]:+tlig;!
Missing character: There is no ς (U+03C2) in font [lmroman10-regular]:+tlig;!
Missing character: There is no α (U+03B1) in font [lmroman10-regular]:+tlig;!
Missing character: There is no ρ (U+03C1) in font [lmroman10-regular]:+tlig;!
Missing character: There is no α (U+03B1) in font [lmroman10-regular]:+tlig;!
Missing character: There is no π (U+03C0) in font [lmroman10-regular]:+tlig;!
Missing character: There is no α (U+03B1) in font [lmroman10-regular]:+tlig;!
Missing character: There is no ν (U+03BD) in font [lmroman10-regular]:+tlig;!
Missing character: There is no α (U+03B1) in font [lmroman10-regular]:+tlig;!
Missing character: There is no γ (U+03B3) in font [lmroman10-regular]:+tlig;!
Missing character: There is no ο (U+03BF) in font [lmroman10-regular]:+tlig;!
Missing character: There is no π (U+03C0) in font [lmroman10-regular]:+tlig;!
Missing character: There is no ο (U+03BF) in font [lmroman10-regular]:+tlig;!
Missing character: There is no ύ (U+03CD) in font [lmroman10-regular]:+tlig;!
Missing character: There is no λ (U+03BB) in font [lmroman10-regular]:+tlig;!
Missing character: There is no ο (U+03BF) in font [lmroman10-regular]:+tlig;!
Missing character: There is no υ (U+03C5) in font [lmroman10-regular]:+tlig;!
Missing character: There is no ε (U+03B5) in font [lmroman10-regular]:+tlig;!
Missing character: There is no γ (U+03B3) in font [lmroman10-regular]:+tlig;!
Missing character: There is no ά (U+03AC) in font [lmroman10-regular]:+tlig;!
Missing character: There is no λ (U+03BB) in font [lmroman10-regular]:+tlig;!
Missing character: There is no η (U+03B7) in font [lmroman10-regular]:+tlig;!
Missing character: There is no ύ (U+03CD) in font [lmroman10-regular]:+tlig;!
Missing character: There is no ν (U+03BD) in font [lmroman10-regular]:+tlig;!
Missing character: There is no ο (U+03BF) in font [lmroman10-regular]:+tlig;!
Missing character: There is no δ (U+03B4) in font [lmroman10-regular]:+tlig;!
Missing character: There is no ο (U+03BF) in font [lmroman10-regular]:+tlig;!
Missing character: There is no ς (U+03C2) in font [lmroman10-regular]:+tlig;!
Missing character: There is no τ (U+03C4) in font [lmroman10-regular]:+tlig;!
Missing character: There is no η (U+03B7) in font [lmroman10-regular]:+tlig;!
Missing character: There is no ς (U+03C2) in font [lmroman10-regular]:+tlig;!
Missing character: There is no ρ (U+03C1) in font [lmroman10-regular]:+tlig;!
Missing character: There is no θ (U+03B8) in font [lmroman10-regular]:+tlig;!
Missing character: There is no ο (U+03BF) in font [lmroman10-regular]:+tlig;!
Missing character: There is no δ (U+03B4) in font [lmroman10-regular]:+tlig;!
Missing character: There is no ό (U+03CC) in font [lmroman10-regular]:+tlig;!
Missing character: There is no ξ (U+03BE) in font [lmroman10-regular]:+tlig;!
Missing character: There is no ο (U+03BF) in font [lmroman10-regular]:+tlig;!
Missing character: There is no υ (U+03C5) in font [lmroman10-regular]:+tlig;!
Missing character: There is no ν (U+03BD) in font [lmroman10-regular]:+tlig;!
Missing character: There is no α (U+03B1) in font [lmroman10-regular]:+tlig;!
Missing character: There is no τ (U+03C4) in font [lmroman10-regular]:+tlig;!
Missing character: There is no ο (U+03BF) in font [lmroman10-regular]:+tlig;!
Missing character: There is no λ (U+03BB) in font [lmroman10-regular]:+tlig;!
Missing character: There is no ι (U+03B9) in font [lmroman10-regular]:+tlig;!
Missing character: There is no κ (U+03BA) in font [lmroman10-regular]:+tlig;!
Missing character: There is no ή (U+03AE) in font [lmroman10-regular]:+tlig;!
Missing character: There is no ς (U+03C2) in font [lmroman10-regular]:+tlig;!
Missing character: There is no κ (U+03BA) in font [lmroman10-regular]:+tlig;!
Missing character: There is no κ (U+03BA) in font [lmroman10-regular]:+tlig;!
Missing character: There is no λ (U+03BB) in font [lmroman10-regular]:+tlig;!
Missing character: There is no η (U+03B7) in font [lmroman10-regular]:+tlig;!
Missing character: There is no σ (U+03C3) in font [lmroman10-regular]:+tlig;!
Missing character: There is no ί (U+03AF) in font [lmroman10-regular]:+tlig;!
Missing character: There is no α (U+03B1) in font [lmroman10-regular]:+tlig;!
Missing character: There is no ς (U+03C2) in font [lmroman10-regular]:+tlig;!
Missing character: There is no τ (U+03C4) in font [lmroman10-regular]:+tlig;!
Missing character: There is no ό (U+03CC) in font [lmroman10-regular]:+tlig;!
Missing character: There is no μ (U+03BC) in font [lmroman10-regular]:+tlig;!
Missing character: There is no ο (U+03BF) in font [lmroman10-regular]:+tlig;!
Missing character: There is no ι (U+03B9) in font [lmroman10-regular]:+tlig;!
Missing character: There is no θ (U+03B8) in font [lmroman10-regular]:+tlig;!
Missing character: There is no ή (U+03AE) in font [lmroman10-regular]:+tlig;!
Missing character: There is no ν (U+03BD) in font [lmroman10-regular]:+tlig;!
Missing character: There is no α (U+03B1) in font [lmroman10-regular]:+tlig;!
Missing character: There is no В (U+0412) in font [lmroman10-regular]:+tlig;!
Missing character: There is no л (U+043B) in font [lmroman10-regular]:+tlig;!
Missing character: There is no а (U+0430) in font [lmroman10-regular]:+tlig;!
Missing character: There is no д (U+0434) in font [lmroman10-regular]:+tlig;!
Missing character: There is no и (U+0438) in font [lmroman10-regular]:+tlig;!
Missing character: There is no с (U+0441) in font [lmroman10-regular]:+tlig;!
Missing character: There is no л (U+043B) in font [lmroman10-regular]:+tlig;!
Missing character: There is no а (U+0430) in font [lmroman10-regular]:+tlig;!
Missing character: There is no в (U+0432) in font [lmroman10-regular]:+tlig;!
Missing character: There is no Ц (U+0426) in font [lmroman10-regular]:+tlig;!
Missing character: There is no ы (U+044B) in font [lmroman10-regular]:+tlig;!
Missing character: There is no п (U+043F) in font [lmroman10-regular]:+tlig;!
Missing character: There is no и (U+0438) in font [lmroman10-regular]:+tlig;!
Missing character: There is no н (U+043D) in font [lmroman10-regular]:+tlig;!
Missing character: There is no И (U+0418) in font [lmroman10-regular]:+tlig;!
Missing character: There is no с (U+0441) in font [lmroman10-regular]:+tlig;!
Missing character: There is no т (U+0442) in font [lmroman10-regular]:+tlig;!
Missing character: There is no о (U+043E) in font [lmroman10-regular]:+tlig;!
Missing character: There is no р (U+0440) in font [lmroman10-regular]:+tlig;!
Missing character: There is no и (U+0438) in font [lmroman10-regular]:+tlig;!
Missing character: There is no я (U+044F) in font [lmroman10-regular]:+tlig;!
Missing character: There is no Р (U+0420) in font [lmroman10-regular]:+tlig;!
Missing character: There is no у (U+0443) in font [lmroman10-regular]:+tlig;!
Missing character: There is no с (U+0441) in font [lmroman10-regular]:+tlig;!
Missing character: There is no с (U+0441) in font [lmroman10-regular]:+tlig;!
Missing character: There is no к (U+043A) in font [lmroman10-regular]:+tlig;!
Missing character: There is no о (U+043E) in font [lmroman10-regular]:+tlig;!
Missing character: There is no й (U+0439) in font [lmroman10-regular]:+tlig;!
Missing character: There is no Ц (U+0426) in font [lmroman10-regular]:+tlig;!
Missing character: There is no е (U+0435) in font [lmroman10-regular]:+tlig;!
Missing character: There is no р (U+0440) in font [lmroman10-regular]:+tlig;!
Missing character: There is no к (U+043A) in font [lmroman10-regular]:+tlig;!
Missing character: There is no в (U+0432) in font [lmroman10-regular]:+tlig;!
Missing character: There is no и (U+0438) in font [lmroman10-regular]:+tlig;!
Missing character: There is no В (U+0412) in font [lmroman10-regular]:+tlig;!
Missing character: There is no М (U+041C) in font [lmroman10-regular]:+tlig;!
Missing character: There is no о (U+043E) in font [lmroman10-regular]:+tlig;!
Missing character: There is no с (U+0441) in font [lmroman10-regular]:+tlig;!
Missing character: There is no к (U+043A) in font [lmroman10-regular]:+tlig;!
Missing character: There is no в (U+0432) in font [lmroman10-regular]:+tlig;!
Missing character: There is no а (U+0430) in font [lmroman10-regular]:+tlig;!
Missing character: There is no И (U+0418) in font [lmroman10-regular]:+tlig;!
Missing character: There is no з (U+0437) in font [lmroman10-regular]:+tlig;!
Missing character: There is no д (U+0434) in font [lmroman10-regular]:+tlig;!
Missing character: There is no а (U+0430) in font [lmroman10-regular]:+tlig;!
Missing character: There is no т (U+0442) in font [lmroman10-regular]:+tlig;!
Missing character: There is no е (U+0435) in font [lmroman10-regular]:+tlig;!
Missing character: There is no л (U+043B) in font [lmroman10-regular]:+tlig;!
Missing character: There is no ь (U+044C) in font [lmroman10-regular]:+tlig;!
Missing character: There is no с (U+0441) in font [lmroman10-regular]:+tlig;!
Missing character: There is no т (U+0442) in font [lmroman10-regular]:+tlig;!
Missing character: There is no в (U+0432) in font [lmroman10-regular]:+tlig;!
Missing character: There is no о (U+043E) in font [lmroman10-regular]:+tlig;!
Missing character: There is no С (U+0421) in font [lmroman10-regular]:+tlig;!
Missing character: There is no п (U+043F) in font [lmroman10-regular]:+tlig;!
Missing character: There is no а (U+0430) in font [lmroman10-regular]:+tlig;!
Missing character: There is no с (U+0441) in font [lmroman10-regular]:+tlig;!
Missing character: There is no о (U+043E) in font [lmroman10-regular]:+tlig;!
Missing character: There is no П (U+041F) in font [lmroman10-regular]:+tlig;!
Missing character: There is no р (U+0440) in font [lmroman10-regular]:+tlig;!
Missing character: There is no е (U+0435) in font [lmroman10-regular]:+tlig;!
Missing character: There is no о (U+043E) in font [lmroman10-regular]:+tlig;!
Missing character: There is no б (U+0431) in font [lmroman10-regular]:+tlig;!
Missing character: There is no р (U+0440) in font [lmroman10-regular]:+tlig;!
Missing character: There is no а (U+0430) in font [lmroman10-regular]:+tlig;!
Missing character: There is no ж (U+0436) in font [lmroman10-regular]:+tlig;!
Missing character: There is no е (U+0435) in font [lmroman10-regular]:+tlig;!
Missing character: There is no н (U+043D) in font [lmroman10-regular]:+tlig;!
Missing character: There is no с (U+0441) in font [lmroman10-regular]:+tlig;!
Missing character: There is no к (U+043A) in font [lmroman10-regular]:+tlig;!
Missing character: There is no о (U+043E) in font [lmroman10-regular]:+tlig;!
Missing character: There is no г (U+0433) in font [lmroman10-regular]:+tlig;!
Missing character: There is no о (U+043E) in font [lmroman10-regular]:+tlig;!
Missing character: There is no В (U+0412) in font [lmroman10-regular]:+tlig;!
Missing character: There is no а (U+0430) in font [lmroman10-regular]:+tlig;!
Missing character: There is no л (U+043B) in font [lmroman10-regular]:+tlig;!
Missing character: There is no а (U+0430) in font [lmroman10-regular]:+tlig;!
Missing character: There is no а (U+0430) in font [lmroman10-regular]:+tlig;!
Missing character: There is no м (U+043C) in font [lmroman10-regular]:+tlig;!
Missing character: There is no с (U+0441) in font [lmroman10-regular]:+tlig;!
Missing character: There is no к (U+043A) in font [lmroman10-regular]:+tlig;!
Missing character: There is no о (U+043E) in font [lmroman10-regular]:+tlig;!
Missing character: There is no г (U+0433) in font [lmroman10-regular]:+tlig;!
Missing character: There is no о (U+043E) in font [lmroman10-regular]:+tlig;!
Missing character: There is no м (U+043C) in font [lmroman10-regular]:+tlig;!
Missing character: There is no о (U+043E) in font [lmroman10-regular]:+tlig;!
Missing character: There is no н (U+043D) in font [lmroman10-regular]:+tlig;!
Missing character: There is no а (U+0430) in font [lmroman10-regular]:+tlig;!
Missing character: There is no с (U+0441) in font [lmroman10-regular]:+tlig;!
Missing character: There is no т (U+0442) in font [lmroman10-regular]:+tlig;!
Missing character: There is no ы (U+044B) in font [lmroman10-regular]:+tlig;!
Missing character: There is no р (U+0440) in font [lmroman10-regular]:+tlig;!
Missing character: There is no я (U+044F) in font [lmroman10-regular]:+tlig;!
Missing character: There is no Г (U+0413) in font [lmroman10-regular]:+tlig;!
Missing character: There is no л (U+043B) in font [lmroman10-regular]:+tlig;!
Missing character: There is no д (U+0434) in font [lmroman10-regular]:+tlig;!
Missing character: There is no а (U+0430) in font [lmroman10-regular]:+tlig;!
Missing character: There is no т (U+0442) in font [lmroman10-regular]:+tlig;!
Missing character: There is no а (U+0430) in font [lmroman10-regular]:+tlig;!
Missing character: There is no о (U+043E) in font [lmroman10-regular]:+tlig;!
Missing character: There is no б (U+0431) in font [lmroman10-regular]:+tlig;!
Missing character: There is no р (U+0440) in font [lmroman10-regular]:+tlig;!
Missing character: There is no ц (U+0446) in font [lmroman10-regular]:+tlig;!
Missing character: There is no и (U+0438) in font [lmroman10-regular]:+tlig;!
Missing character: There is no т (U+0442) in font [lmroman10-regular]:+tlig;!
Missing character: There is no н (U+043D) in font [lmroman10-regular]:+tlig;!
Missing character: There is no а (U+0430) in font [lmroman10-regular]:+tlig;!
Missing character: There is no с (U+0441) in font [lmroman10-regular]:+tlig;!
] (./ruso.aux)

LaTeX Font Warning: Some font shapes were not available, defaults substituted.

Package logreq Info: Writing requests to 'ruso.run.xml'.

\openout1 = ruso.run.xml
)

Here is how much of LuaTeX's memory you used:
 10789 strings out of 478531
 125176,1144653 words of node,token memory allocated
 502 words of node memory still in use:
   4 hlist, 1 vlist, 1 rule, 4 glue, 3 kern, 1 glyph, 7 attribute, 61 glue_spec,
 5 attribute_list, 1 write nodes
   avail lists: 2:409,3:118,4:5,5:42,6:10,7:1908,8:54,9:48,10:4,11:132
 30397 multiletter control sequences out of 65536+600000
 38 fonts using 3722423 bytes
 73i,4n,71p,736b,2894s stack positions out of 5000i,500n,10000p,200000b,80000s
</usr/share/texmf-dist/fonts/opentype/public/lm/lmmono10-regular.otf>{/usr/share
/texmf-dist/fonts/enc/dvips/gentium-tug/gentium-ec.enc}</usr/share/texmf-dist/fo
nts/opentype/public/lm/lmroman10-regular.otf></usr/share/texmf-dist/fonts/type1/
public/gentium-tug/GenBasB.pfb></usr/share/texmf-dist/fonts/type1/public/gentium
-tug/GentiumPlus-I.pfb></usr/share/texmf-dist/fonts/type1/public/gentium-tug/Gen
tiumPlus-R.pfb>
Output written on ruso.pdf (1 page, 407884 bytes).

PDF statistics: 35 PDF objects out of 1000 (max. 8388607)
 22 compressed objects within 1 object stream
 0 named destinations out of 1000 (max. 131072)
 1 words of extra memory for PDF output out of 10000 (max. 100000000)

